<?xml version="1.0" encoding="UTF-8"?>
<robot generator="Robot 4.1.3 (Python 3.10.1 on win32)" generated="20220324 15:07:50.624" rpa="false" schemaversion="2">
<suite id="s1" name="pesquisarProduto" source="C:\Users\Aline Souza\Downloads\Robotframework_aula_01_22\test-case\pesquisarProduto.robot">
<kw name="Que Esteja no site http://automationpractice.com/index.php" library="automationHome" type="SETUP">
<kw name="Open Browser" library="SeleniumLibrary">
<arg>http://automationpractice.com/index.php</arg>
<arg>chrome</arg>
<doc>Opens a new browser instance to the optional ``url``.</doc>
<msg timestamp="20220324 15:07:50.969" level="INFO">Opening browser 'chrome' to base url 'http://automationpractice.com/index.php'.</msg>
<status status="PASS" starttime="20220324 15:07:50.968" endtime="20220324 15:07:57.812"/>
</kw>
<status status="PASS" starttime="20220324 15:07:50.968" endtime="20220324 15:07:57.813"/>
</kw>
<test id="s1-t1" name="Cenário 1: Pesquisar um produto existente">
<kw name="Pesquiso um produto em Search &quot;T-SHIRT&quot;" library="automationHome" sourcename="Pesquiso um produto em Search &quot;${produto}&quot;">
<kw name="Click Element" library="SeleniumLibrary">
<arg>${HOME_INPUT_SEARCH}</arg>
<doc>Click the element identified by ``locator``.</doc>
<msg timestamp="20220324 15:07:57.820" level="INFO">Clicking element '//*[@id="search_query_top"]'.</msg>
<status status="PASS" starttime="20220324 15:07:57.819" endtime="20220324 15:07:57.908"/>
</kw>
<kw name="Input Text" library="SeleniumLibrary">
<arg>${HOME_INPUT_SEARCH}</arg>
<arg>${produto}</arg>
<doc>Types the given ``text`` into the text field identified by ``locator``.</doc>
<msg timestamp="20220324 15:07:57.909" level="INFO">Typing text 'T-SHIRT' into text field '//*[@id="search_query_top"]'.</msg>
<status status="PASS" starttime="20220324 15:07:57.908" endtime="20220324 15:07:58.113"/>
</kw>
<status status="PASS" starttime="20220324 15:07:57.818" endtime="20220324 15:07:58.113"/>
</kw>
<kw name="Pesquiso o produto" library="automationHome">
<kw name="Click Element" library="SeleniumLibrary">
<arg>//*[@name="submit_search"]</arg>
<doc>Click the element identified by ``locator``.</doc>
<msg timestamp="20220324 15:07:58.115" level="INFO">Clicking element '//*[@name="submit_search"]'.</msg>
<status status="PASS" starttime="20220324 15:07:58.114" endtime="20220324 15:08:00.844"/>
</kw>
<status status="PASS" starttime="20220324 15:07:58.114" endtime="20220324 15:08:00.844"/>
</kw>
<kw name="Site deverá trazer os produtos pesquisados" library="automationHome">
<kw name="Element Text Should Be" library="SeleniumLibrary">
<arg>//*[@class="heading-counter"]</arg>
<arg>1 result has been found.</arg>
<doc>Verifies that element ``locator`` contains exact the text ``expected``.</doc>
<msg timestamp="20220324 15:08:00.848" level="INFO">Verifying element '//*[@class="heading-counter"]' contains exact text '1 result has been found.'.</msg>
<status status="PASS" starttime="20220324 15:08:00.847" endtime="20220324 15:08:00.887"/>
</kw>
<status status="PASS" starttime="20220324 15:08:00.845" endtime="20220324 15:08:00.887"/>
</kw>
<status status="PASS" starttime="20220324 15:07:57.814" endtime="20220324 15:08:00.888"/>
</test>
<test id="s1-t2" name="Cenário 2: Pesquisar um produto inexistente">
<kw name="Pesquiso um produto em Search &quot;T-SHIRTTG&quot;" library="automationHome" sourcename="Pesquiso um produto em Search &quot;${produto}&quot;">
<kw name="Click Element" library="SeleniumLibrary">
<arg>${HOME_INPUT_SEARCH}</arg>
<doc>Click the element identified by ``locator``.</doc>
<msg timestamp="20220324 15:08:00.892" level="INFO">Clicking element '//*[@id="search_query_top"]'.</msg>
<status status="PASS" starttime="20220324 15:08:00.892" endtime="20220324 15:08:00.959"/>
</kw>
<kw name="Input Text" library="SeleniumLibrary">
<arg>${HOME_INPUT_SEARCH}</arg>
<arg>${produto}</arg>
<doc>Types the given ``text`` into the text field identified by ``locator``.</doc>
<msg timestamp="20220324 15:08:00.960" level="INFO">Typing text 'T-SHIRTTG' into text field '//*[@id="search_query_top"]'.</msg>
<status status="PASS" starttime="20220324 15:08:00.959" endtime="20220324 15:08:01.071"/>
</kw>
<status status="PASS" starttime="20220324 15:08:00.891" endtime="20220324 15:08:01.071"/>
</kw>
<kw name="Pesquiso o produto" library="automationHome">
<kw name="Click Element" library="SeleniumLibrary">
<arg>//*[@name="submit_search"]</arg>
<doc>Click the element identified by ``locator``.</doc>
<msg timestamp="20220324 15:08:01.073" level="INFO">Clicking element '//*[@name="submit_search"]'.</msg>
<status status="PASS" starttime="20220324 15:08:01.072" endtime="20220324 15:08:02.581"/>
</kw>
<status status="PASS" starttime="20220324 15:08:01.072" endtime="20220324 15:08:02.581"/>
</kw>
<kw name="deverá retornar a mensagem: &quot;No results were found for your search &quot;T-SHIRTTG&quot;&quot;" library="automationHome" sourcename="deverá retornar a mensagem: &quot;${mensagem}&quot;">
<kw name="Element Text Should Be" library="SeleniumLibrary">
<arg>//*[@class="alert alert-warning"]</arg>
<arg>${mensagem}</arg>
<doc>Verifies that element ``locator`` contains exact the text ``expected``.</doc>
<msg timestamp="20220324 15:08:02.583" level="INFO">Verifying element '//*[@class="alert alert-warning"]' contains exact text 'No results were found for your search "T-SHIRTTG"'.</msg>
<status status="PASS" starttime="20220324 15:08:02.582" endtime="20220324 15:08:02.613"/>
</kw>
<status status="PASS" starttime="20220324 15:08:02.582" endtime="20220324 15:08:02.614"/>
</kw>
<status status="PASS" starttime="20220324 15:08:00.890" endtime="20220324 15:08:02.614"/>
</test>
<test id="s1-t3" name="Cenário 3: Pesquisar um produto em branco">
<kw name="Pesquiso um produto em Search &quot;&quot;" library="automationHome" sourcename="Pesquiso um produto em Search &quot;${produto}&quot;">
<kw name="Click Element" library="SeleniumLibrary">
<arg>${HOME_INPUT_SEARCH}</arg>
<doc>Click the element identified by ``locator``.</doc>
<msg timestamp="20220324 15:08:02.618" level="INFO">Clicking element '//*[@id="search_query_top"]'.</msg>
<status status="PASS" starttime="20220324 15:08:02.617" endtime="20220324 15:08:02.684"/>
</kw>
<kw name="Input Text" library="SeleniumLibrary">
<arg>${HOME_INPUT_SEARCH}</arg>
<arg>${produto}</arg>
<doc>Types the given ``text`` into the text field identified by ``locator``.</doc>
<msg timestamp="20220324 15:08:02.685" level="INFO">Typing text '' into text field '//*[@id="search_query_top"]'.</msg>
<status status="PASS" starttime="20220324 15:08:02.684" endtime="20220324 15:08:02.759"/>
</kw>
<status status="PASS" starttime="20220324 15:08:02.617" endtime="20220324 15:08:02.760"/>
</kw>
<kw name="Pesquiso o produto" library="automationHome">
<kw name="Click Element" library="SeleniumLibrary">
<arg>//*[@name="submit_search"]</arg>
<doc>Click the element identified by ``locator``.</doc>
<msg timestamp="20220324 15:08:02.762" level="INFO">Clicking element '//*[@name="submit_search"]'.</msg>
<status status="PASS" starttime="20220324 15:08:02.761" endtime="20220324 15:08:03.920"/>
</kw>
<status status="PASS" starttime="20220324 15:08:02.760" endtime="20220324 15:08:03.920"/>
</kw>
<kw name="deverá retornar a mensagem: &quot;Please enter a search keyword&quot;" library="automationHome" sourcename="deverá retornar a mensagem: &quot;${mensagem}&quot;">
<kw name="Element Text Should Be" library="SeleniumLibrary">
<arg>//*[@class="alert alert-warning"]</arg>
<arg>${mensagem}</arg>
<doc>Verifies that element ``locator`` contains exact the text ``expected``.</doc>
<msg timestamp="20220324 15:08:03.922" level="INFO">Verifying element '//*[@class="alert alert-warning"]' contains exact text 'Please enter a search keyword'.</msg>
<status status="PASS" starttime="20220324 15:08:03.921" endtime="20220324 15:08:03.947"/>
</kw>
<status status="PASS" starttime="20220324 15:08:03.921" endtime="20220324 15:08:03.947"/>
</kw>
<status status="PASS" starttime="20220324 15:08:02.616" endtime="20220324 15:08:03.948"/>
</test>
<test id="s1-t4" name="Cenário 4: Logar">
<kw name="Tenha login e senha cadastrados e clique em Sign in" library="automationHome">
<kw name="Click Element" library="SeleniumLibrary">
<arg>//*[@class="login"]</arg>
<doc>Click the element identified by ``locator``.</doc>
<msg timestamp="20220324 15:08:03.951" level="INFO">Clicking element '//*[@class="login"]'.</msg>
<status status="PASS" starttime="20220324 15:08:03.951" endtime="20220324 15:08:07.124"/>
</kw>
<status status="PASS" starttime="20220324 15:08:03.951" endtime="20220324 15:08:07.124"/>
</kw>
<kw name="Realizar o Sign in" library="automationHome">
<kw name="Element Text Should Be" library="SeleniumLibrary">
<arg>//*[@id="login_form"]/h3</arg>
<arg>ALREADY REGISTERED?</arg>
<doc>Verifies that element ``locator`` contains exact the text ``expected``.</doc>
<msg timestamp="20220324 15:08:07.127" level="INFO">Verifying element '//*[@id="login_form"]/h3' contains exact text 'ALREADY REGISTERED?'.</msg>
<status status="PASS" starttime="20220324 15:08:07.126" endtime="20220324 15:08:07.163"/>
</kw>
<kw name="Click Element" library="SeleniumLibrary">
<arg>//*[@id="email"]</arg>
<doc>Click the element identified by ``locator``.</doc>
<msg timestamp="20220324 15:08:07.164" level="INFO">Clicking element '//*[@id="email"]'.</msg>
<status status="PASS" starttime="20220324 15:08:07.164" endtime="20220324 15:08:07.222"/>
</kw>
<kw name="Input Text" library="SeleniumLibrary">
<arg>//*[@id="email"]</arg>
<arg>teste@robot.com.br</arg>
<doc>Types the given ``text`` into the text field identified by ``locator``.</doc>
<msg timestamp="20220324 15:08:07.224" level="INFO">Typing text 'teste@robot.com.br' into text field '//*[@id="email"]'.</msg>
<status status="PASS" starttime="20220324 15:08:07.223" endtime="20220324 15:08:07.318"/>
</kw>
<kw name="Click Element" library="SeleniumLibrary">
<arg>//*[@id="passwd"]</arg>
<doc>Click the element identified by ``locator``.</doc>
<msg timestamp="20220324 15:08:07.319" level="INFO">Clicking element '//*[@id="passwd"]'.</msg>
<status status="PASS" starttime="20220324 15:08:07.318" endtime="20220324 15:08:07.387"/>
</kw>
<kw name="Input Password" library="SeleniumLibrary">
<arg>//*[@id="passwd"]</arg>
<arg>12345</arg>
<doc>Types the given password into the text field identified by ``locator``.</doc>
<msg timestamp="20220324 15:08:07.388" level="INFO">Typing password into text field '//*[@id="passwd"]'.</msg>
<msg timestamp="20220324 15:08:07.425" level="INFO">Temporally setting log level to: NONE</msg>
<msg timestamp="20220324 15:08:07.456" level="INFO">Log level changed from NONE to INFO.</msg>
<status status="PASS" starttime="20220324 15:08:07.387" endtime="20220324 15:08:07.456"/>
</kw>
<kw name="Click Element" library="SeleniumLibrary">
<arg>//*[@id="SubmitLogin"]</arg>
<doc>Click the element identified by ``locator``.</doc>
<msg timestamp="20220324 15:08:07.457" level="INFO">Clicking element '//*[@id="SubmitLogin"]'.</msg>
<status status="PASS" starttime="20220324 15:08:07.456" endtime="20220324 15:08:09.253"/>
</kw>
<status status="PASS" starttime="20220324 15:08:07.125" endtime="20220324 15:08:09.254"/>
</kw>
<kw name="Sistema deverá logar com sucesso e cair na tela My account" library="automationHome">
<kw name="Element Text Should Be" library="SeleniumLibrary">
<arg>//*[@class="navigation_page"]</arg>
<arg>My account</arg>
<doc>Verifies that element ``locator`` contains exact the text ``expected``.</doc>
<msg timestamp="20220324 15:08:09.255" level="INFO">Verifying element '//*[@class="navigation_page"]' contains exact text 'My account'.</msg>
<status status="PASS" starttime="20220324 15:08:09.255" endtime="20220324 15:08:09.298"/>
</kw>
<kw name="Click Element" library="SeleniumLibrary">
<arg>//*[@class="logout"]</arg>
<doc>Click the element identified by ``locator``.</doc>
<msg timestamp="20220324 15:08:09.299" level="INFO">Clicking element '//*[@class="logout"]'.</msg>
<status status="PASS" starttime="20220324 15:08:09.298" endtime="20220324 15:08:12.646"/>
</kw>
<status status="PASS" starttime="20220324 15:08:09.254" endtime="20220324 15:08:12.647"/>
</kw>
<status status="PASS" starttime="20220324 15:08:03.950" endtime="20220324 15:08:12.648"/>
</test>
<kw name="Close Browser" library="SeleniumLibrary" type="TEARDOWN">
<doc>Closes the current browser.</doc>
<status status="PASS" starttime="20220324 15:08:12.650" endtime="20220324 15:08:14.970"/>
</kw>
<status status="PASS" starttime="20220324 15:07:50.627" endtime="20220324 15:08:14.970"/>
</suite>
<statistics>
<total>
<stat pass="4" fail="0" skip="0">All Tests</stat>
</total>
<tag>
</tag>
<suite>
<stat pass="4" fail="0" skip="0" id="s1" name="pesquisarProduto">pesquisarProduto</stat>
</suite>
</statistics>
<errors>
</errors>
</robot>
